<?xml version="1.0" encoding="UTF-8"?>
<!-- Generated by org.testng.reporters.JUnitXMLReporter -->
<testsuite hostname="DESKTOP-I6AMPCE" ignored="0" name="Default test" tests="13" failures="0" timestamp="25 lip 2017 18:44:12 GMT" time="66.188" errors="0">
  <testcase name="shouldAddTwoNumbers" time="0.504" classname="tests.calculatorAddTest"/>
  <testcase name="shouldAddTwoNumbers" time="0.428" classname="tests.calculatorAddTest"/>
  <testcase name="shouldAddTwoNumbers" time="0.401" classname="tests.calculatorAddTest"/>
  <testcase name="shouldAddTwoNumbers" time="0.39" classname="tests.calculatorAddTest"/>
  <testcase name="shouldAddTwoNumbers" time="0.389" classname="tests.calculatorAddTest"/>
  <testcase name="shouldAddTwoNumbers" time="0.39" classname="tests.calculatorAddTest"/>
  <testcase name="shouldAddTwoNumbers" time="0.388" classname="tests.calculatorAddTest"/>
  <testcase name="shouldAddTwoNumbers" time="0.392" classname="tests.calculatorAddTest"/>
  <testcase name="shouldAddTwoNumbers" time="0.414" classname="tests.calculatorAddTest"/>
  <testcase name="shouldntAddTwoWords" time="0.427" classname="tests.calculatorAddTest"/>
  <testcase name="shouldntAddTwoWords" time="0.448" classname="tests.calculatorAddTest"/>
  <testcase name="shouldntAddTwoWords" time="0.42" classname="tests.calculatorAddTest"/>
  <testcase name="shouldntAddTwoWords" time="0.433" classname="tests.calculatorAddTest"/>
</testsuite> <!-- Default test -->
