<?xml version="1.0" encoding="UTF-8"?>
<!-- Generated by org.testng.reporters.JUnitXMLReporter -->
<testsuite hostname="DESKTOP-I6AMPCE" ignored="0" name="Default test" tests="9" failures="0" timestamp="24 lip 2017 11:13:48 GMT" time="41.055" errors="0">
  <testcase name="shouldDivideTwoNumbers" time="0.514" classname="tests.calculatorDivideTest"/>
  <testcase name="shouldDivideTwoNumbers" time="0.482" classname="tests.calculatorDivideTest"/>
  <testcase name="shouldDivideTwoNumbers" time="0.483" classname="tests.calculatorDivideTest"/>
  <testcase name="shouldDivideTwoNumbers" time="0.476" classname="tests.calculatorDivideTest"/>
  <testcase name="shouldDivideTwoNumbers" time="0.479" classname="tests.calculatorDivideTest"/>
  <testcase name="shouldDivideTwoNumbers" time="0.483" classname="tests.calculatorDivideTest"/>
  <testcase name="shouldDivideTwoNumbers" time="0.48" classname="tests.calculatorDivideTest"/>
  <testcase name="shouldDivideTwoNumbers" time="0.472" classname="tests.calculatorDivideTest"/>
  <testcase name="shouldDivideTwoNumbers" time="0.479" classname="tests.calculatorDivideTest"/>
</testsuite> <!-- Default test -->
