<?xml version="1.0" encoding="UTF-8"?>
<!-- Generated by org.testng.reporters.JUnitXMLReporter -->
<testsuite hostname="DESKTOP-I6AMPCE" ignored="0" name="CalculatorAdd" tests="9" failures="0" timestamp="24 lip 2017 10:38:29 GMT" time="41.917" errors="0">
  <testcase name="shouldAddTwoNumbers" time="0.441" classname="tests.calculatorAddTest"/>
  <testcase name="shouldAddTwoNumbers" time="0.41" classname="tests.calculatorAddTest"/>
  <testcase name="shouldAddTwoNumbers" time="0.412" classname="tests.calculatorAddTest"/>
  <testcase name="shouldAddTwoNumbers" time="0.402" classname="tests.calculatorAddTest"/>
  <testcase name="shouldAddTwoNumbers" time="0.399" classname="tests.calculatorAddTest"/>
  <testcase name="shouldAddTwoNumbers" time="0.403" classname="tests.calculatorAddTest"/>
  <testcase name="shouldAddTwoNumbers" time="0.403" classname="tests.calculatorAddTest"/>
  <testcase name="shouldAddTwoNumbers" time="0.395" classname="tests.calculatorAddTest"/>
  <testcase name="shouldAddTwoNumbers" time="0.4" classname="tests.calculatorAddTest"/>
</testsuite> <!-- CalculatorAdd -->
