<?xml version="1.0" encoding="UTF-8"?>
<testng-results skipped="0" failed="0" ignored="0" total="13" passed="13">
  <reporter-output>
  </reporter-output>
  <suite name="Default suite" duration-ms="66188" started-at="2017-07-25T18:43:06Z" finished-at="2017-07-25T18:44:12Z">
    <groups>
    </groups>
    <test name="Default test" duration-ms="66188" started-at="2017-07-25T18:43:06Z" finished-at="2017-07-25T18:44:12Z">
      <class name="tests.calculatorAddTest">
        <test-method status="PASS" signature="beforeMethod(java.lang.reflect.Method)[pri:0, instance:tests.calculatorAddTest@204f30ec]" name="beforeMethod" is-config="true" duration-ms="5731" started-at="2017-07-25T20:43:07Z" finished-at="2017-07-25T20:43:13Z">
          <params>
            <param index="0">
              <value>
                <![CDATA[public void tests.calculatorAddTest.shouldAddTwoNumbers(java.lang.String,java.lang.String) throws java.lang.Exception]]>
              </value>
            </param>
          </params>
          <reporter-output>
          </reporter-output>
        </test-method> <!-- beforeMethod -->
        <test-method status="PASS" signature="shouldAddTwoNumbers(java.lang.String, java.lang.String)[pri:0, instance:tests.calculatorAddTest@204f30ec]" name="shouldAddTwoNumbers" duration-ms="504" started-at="2017-07-25T20:43:13Z" data-provider="numberData" finished-at="2017-07-25T20:43:13Z">
          <params>
            <param index="0">
              <value>
                <![CDATA[-1]]>
              </value>
            </param>
            <param index="1">
              <value>
                <![CDATA[1]]>
              </value>
            </param>
          </params>
          <reporter-output>
          </reporter-output>
        </test-method> <!-- shouldAddTwoNumbers -->
        <test-method status="PASS" signature="afterMethod(org.testng.ITestResult, java.lang.reflect.Method)[pri:0, instance:tests.calculatorAddTest@204f30ec]" name="afterMethod" is-config="true" duration-ms="1079" started-at="2017-07-25T20:43:13Z" finished-at="2017-07-25T20:43:14Z">
          <params>
            <param index="0">
              <value>
                <![CDATA[[TestResult name=shouldAddTwoNumbers status=SUCCESS method=calculatorAddTest.shouldAddTwoNumbers(java.lang.String, java.lang.String)[pri:0, instance:tests.calculatorAddTest@204f30ec] output={null}]]]>
              </value>
            </param>
            <param index="1">
              <value>
                <![CDATA[public void tests.calculatorAddTest.shouldAddTwoNumbers(java.lang.String,java.lang.String) throws java.lang.Exception]]>
              </value>
            </param>
          </params>
          <reporter-output>
          </reporter-output>
        </test-method> <!-- afterMethod -->
        <test-method status="PASS" signature="beforeMethod(java.lang.reflect.Method)[pri:0, instance:tests.calculatorAddTest@204f30ec]" name="beforeMethod" is-config="true" duration-ms="3776" started-at="2017-07-25T20:43:14Z" finished-at="2017-07-25T20:43:18Z">
          <params>
            <param index="0">
              <value>
                <![CDATA[public void tests.calculatorAddTest.shouldAddTwoNumbers(java.lang.String,java.lang.String) throws java.lang.Exception]]>
              </value>
            </param>
          </params>
          <reporter-output>
          </reporter-output>
        </test-method> <!-- beforeMethod -->
        <test-method status="PASS" signature="shouldAddTwoNumbers(java.lang.String, java.lang.String)[pri:0, instance:tests.calculatorAddTest@204f30ec]" name="shouldAddTwoNumbers" duration-ms="428" started-at="2017-07-25T20:43:18Z" data-provider="numberData" finished-at="2017-07-25T20:43:18Z">
          <params>
            <param index="0">
              <value>
                <![CDATA[2]]>
              </value>
            </param>
            <param index="1">
              <value>
                <![CDATA[-2]]>
              </value>
            </param>
          </params>
          <reporter-output>
          </reporter-output>
        </test-method> <!-- shouldAddTwoNumbers -->
        <test-method status="PASS" signature="afterMethod(org.testng.ITestResult, java.lang.reflect.Method)[pri:0, instance:tests.calculatorAddTest@204f30ec]" name="afterMethod" is-config="true" duration-ms="800" started-at="2017-07-25T20:43:18Z" finished-at="2017-07-25T20:43:19Z">
          <params>
            <param index="0">
              <value>
                <![CDATA[[TestResult name=shouldAddTwoNumbers status=SUCCESS method=calculatorAddTest.shouldAddTwoNumbers(java.lang.String, java.lang.String)[pri:0, instance:tests.calculatorAddTest@204f30ec] output={null}]]]>
              </value>
            </param>
            <param index="1">
              <value>
                <![CDATA[public void tests.calculatorAddTest.shouldAddTwoNumbers(java.lang.String,java.lang.String) throws java.lang.Exception]]>
              </value>
            </param>
          </params>
          <reporter-output>
          </reporter-output>
        </test-method> <!-- afterMethod -->
        <test-method status="PASS" signature="beforeMethod(java.lang.reflect.Method)[pri:0, instance:tests.calculatorAddTest@204f30ec]" name="beforeMethod" is-config="true" duration-ms="3711" started-at="2017-07-25T20:43:19Z" finished-at="2017-07-25T20:43:23Z">
          <params>
            <param index="0">
              <value>
                <![CDATA[public void tests.calculatorAddTest.shouldAddTwoNumbers(java.lang.String,java.lang.String) throws java.lang.Exception]]>
              </value>
            </param>
          </params>
          <reporter-output>
          </reporter-output>
        </test-method> <!-- beforeMethod -->
        <test-method status="PASS" signature="shouldAddTwoNumbers(java.lang.String, java.lang.String)[pri:0, instance:tests.calculatorAddTest@204f30ec]" name="shouldAddTwoNumbers" duration-ms="401" started-at="2017-07-25T20:43:23Z" data-provider="numberData" finished-at="2017-07-25T20:43:23Z">
          <params>
            <param index="0">
              <value>
                <![CDATA[-3]]>
              </value>
            </param>
            <param index="1">
              <value>
                <![CDATA[-3]]>
              </value>
            </param>
          </params>
          <reporter-output>
          </reporter-output>
        </test-method> <!-- shouldAddTwoNumbers -->
        <test-method status="PASS" signature="afterMethod(org.testng.ITestResult, java.lang.reflect.Method)[pri:0, instance:tests.calculatorAddTest@204f30ec]" name="afterMethod" is-config="true" duration-ms="808" started-at="2017-07-25T20:43:23Z" finished-at="2017-07-25T20:43:24Z">
          <params>
            <param index="0">
              <value>
                <![CDATA[[TestResult name=shouldAddTwoNumbers status=SUCCESS method=calculatorAddTest.shouldAddTwoNumbers(java.lang.String, java.lang.String)[pri:0, instance:tests.calculatorAddTest@204f30ec] output={null}]]]>
              </value>
            </param>
            <param index="1">
              <value>
                <![CDATA[public void tests.calculatorAddTest.shouldAddTwoNumbers(java.lang.String,java.lang.String) throws java.lang.Exception]]>
              </value>
            </param>
          </params>
          <reporter-output>
          </reporter-output>
        </test-method> <!-- afterMethod -->
        <test-method status="PASS" signature="beforeMethod(java.lang.reflect.Method)[pri:0, instance:tests.calculatorAddTest@204f30ec]" name="beforeMethod" is-config="true" duration-ms="3711" started-at="2017-07-25T20:43:24Z" finished-at="2017-07-25T20:43:28Z">
          <params>
            <param index="0">
              <value>
                <![CDATA[public void tests.calculatorAddTest.shouldAddTwoNumbers(java.lang.String,java.lang.String) throws java.lang.Exception]]>
              </value>
            </param>
          </params>
          <reporter-output>
          </reporter-output>
        </test-method> <!-- beforeMethod -->
        <test-method status="PASS" signature="shouldAddTwoNumbers(java.lang.String, java.lang.String)[pri:0, instance:tests.calculatorAddTest@204f30ec]" name="shouldAddTwoNumbers" duration-ms="390" started-at="2017-07-25T20:43:28Z" data-provider="numberData" finished-at="2017-07-25T20:43:28Z">
          <params>
            <param index="0">
              <value>
                <![CDATA[4]]>
              </value>
            </param>
            <param index="1">
              <value>
                <![CDATA[4]]>
              </value>
            </param>
          </params>
          <reporter-output>
          </reporter-output>
        </test-method> <!-- shouldAddTwoNumbers -->
        <test-method status="PASS" signature="afterMethod(org.testng.ITestResult, java.lang.reflect.Method)[pri:0, instance:tests.calculatorAddTest@204f30ec]" name="afterMethod" is-config="true" duration-ms="726" started-at="2017-07-25T20:43:28Z" finished-at="2017-07-25T20:43:29Z">
          <params>
            <param index="0">
              <value>
                <![CDATA[[TestResult name=shouldAddTwoNumbers status=SUCCESS method=calculatorAddTest.shouldAddTwoNumbers(java.lang.String, java.lang.String)[pri:0, instance:tests.calculatorAddTest@204f30ec] output={null}]]]>
              </value>
            </param>
            <param index="1">
              <value>
                <![CDATA[public void tests.calculatorAddTest.shouldAddTwoNumbers(java.lang.String,java.lang.String) throws java.lang.Exception]]>
              </value>
            </param>
          </params>
          <reporter-output>
          </reporter-output>
        </test-method> <!-- afterMethod -->
        <test-method status="PASS" signature="beforeMethod(java.lang.reflect.Method)[pri:0, instance:tests.calculatorAddTest@204f30ec]" name="beforeMethod" is-config="true" duration-ms="3720" started-at="2017-07-25T20:43:29Z" finished-at="2017-07-25T20:43:33Z">
          <params>
            <param index="0">
              <value>
                <![CDATA[public void tests.calculatorAddTest.shouldAddTwoNumbers(java.lang.String,java.lang.String) throws java.lang.Exception]]>
              </value>
            </param>
          </params>
          <reporter-output>
          </reporter-output>
        </test-method> <!-- beforeMethod -->
        <test-method status="PASS" signature="shouldAddTwoNumbers(java.lang.String, java.lang.String)[pri:0, instance:tests.calculatorAddTest@204f30ec]" name="shouldAddTwoNumbers" duration-ms="389" started-at="2017-07-25T20:43:33Z" data-provider="numberData" finished-at="2017-07-25T20:43:33Z">
          <params>
            <param index="0">
              <value>
                <![CDATA[0]]>
              </value>
            </param>
            <param index="1">
              <value>
                <![CDATA[0]]>
              </value>
            </param>
          </params>
          <reporter-output>
          </reporter-output>
        </test-method> <!-- shouldAddTwoNumbers -->
        <test-method status="PASS" signature="afterMethod(org.testng.ITestResult, java.lang.reflect.Method)[pri:0, instance:tests.calculatorAddTest@204f30ec]" name="afterMethod" is-config="true" duration-ms="747" started-at="2017-07-25T20:43:33Z" finished-at="2017-07-25T20:43:34Z">
          <params>
            <param index="0">
              <value>
                <![CDATA[[TestResult name=shouldAddTwoNumbers status=SUCCESS method=calculatorAddTest.shouldAddTwoNumbers(java.lang.String, java.lang.String)[pri:0, instance:tests.calculatorAddTest@204f30ec] output={null}]]]>
              </value>
            </param>
            <param index="1">
              <value>
                <![CDATA[public void tests.calculatorAddTest.shouldAddTwoNumbers(java.lang.String,java.lang.String) throws java.lang.Exception]]>
              </value>
            </param>
          </params>
          <reporter-output>
          </reporter-output>
        </test-method> <!-- afterMethod -->
        <test-method status="PASS" signature="beforeMethod(java.lang.reflect.Method)[pri:0, instance:tests.calculatorAddTest@204f30ec]" name="beforeMethod" is-config="true" duration-ms="3693" started-at="2017-07-25T20:43:34Z" finished-at="2017-07-25T20:43:37Z">
          <params>
            <param index="0">
              <value>
                <![CDATA[public void tests.calculatorAddTest.shouldAddTwoNumbers(java.lang.String,java.lang.String) throws java.lang.Exception]]>
              </value>
            </param>
          </params>
          <reporter-output>
          </reporter-output>
        </test-method> <!-- beforeMethod -->
        <test-method status="PASS" signature="shouldAddTwoNumbers(java.lang.String, java.lang.String)[pri:0, instance:tests.calculatorAddTest@204f30ec]" name="shouldAddTwoNumbers" duration-ms="390" started-at="2017-07-25T20:43:37Z" data-provider="numberData" finished-at="2017-07-25T20:43:38Z">
          <params>
            <param index="0">
              <value>
                <![CDATA[-0]]>
              </value>
            </param>
            <param index="1">
              <value>
                <![CDATA[0]]>
              </value>
            </param>
          </params>
          <reporter-output>
          </reporter-output>
        </test-method> <!-- shouldAddTwoNumbers -->
        <test-method status="PASS" signature="afterMethod(org.testng.ITestResult, java.lang.reflect.Method)[pri:0, instance:tests.calculatorAddTest@204f30ec]" name="afterMethod" is-config="true" duration-ms="723" started-at="2017-07-25T20:43:38Z" finished-at="2017-07-25T20:43:39Z">
          <params>
            <param index="0">
              <value>
                <![CDATA[[TestResult name=shouldAddTwoNumbers status=SUCCESS method=calculatorAddTest.shouldAddTwoNumbers(java.lang.String, java.lang.String)[pri:0, instance:tests.calculatorAddTest@204f30ec] output={null}]]]>
              </value>
            </param>
            <param index="1">
              <value>
                <![CDATA[public void tests.calculatorAddTest.shouldAddTwoNumbers(java.lang.String,java.lang.String) throws java.lang.Exception]]>
              </value>
            </param>
          </params>
          <reporter-output>
          </reporter-output>
        </test-method> <!-- afterMethod -->
        <test-method status="PASS" signature="beforeMethod(java.lang.reflect.Method)[pri:0, instance:tests.calculatorAddTest@204f30ec]" name="beforeMethod" is-config="true" duration-ms="3681" started-at="2017-07-25T20:43:39Z" finished-at="2017-07-25T20:43:42Z">
          <params>
            <param index="0">
              <value>
                <![CDATA[public void tests.calculatorAddTest.shouldAddTwoNumbers(java.lang.String,java.lang.String) throws java.lang.Exception]]>
              </value>
            </param>
          </params>
          <reporter-output>
          </reporter-output>
        </test-method> <!-- beforeMethod -->
        <test-method status="PASS" signature="shouldAddTwoNumbers(java.lang.String, java.lang.String)[pri:0, instance:tests.calculatorAddTest@204f30ec]" name="shouldAddTwoNumbers" duration-ms="388" started-at="2017-07-25T20:43:42Z" data-provider="numberData" finished-at="2017-07-25T20:43:43Z">
          <params>
            <param index="0">
              <value>
                <![CDATA[0]]>
              </value>
            </param>
            <param index="1">
              <value>
                <![CDATA[-0]]>
              </value>
            </param>
          </params>
          <reporter-output>
          </reporter-output>
        </test-method> <!-- shouldAddTwoNumbers -->
        <test-method status="PASS" signature="afterMethod(org.testng.ITestResult, java.lang.reflect.Method)[pri:0, instance:tests.calculatorAddTest@204f30ec]" name="afterMethod" is-config="true" duration-ms="710" started-at="2017-07-25T20:43:43Z" finished-at="2017-07-25T20:43:43Z">
          <params>
            <param index="0">
              <value>
                <![CDATA[[TestResult name=shouldAddTwoNumbers status=SUCCESS method=calculatorAddTest.shouldAddTwoNumbers(java.lang.String, java.lang.String)[pri:0, instance:tests.calculatorAddTest@204f30ec] output={null}]]]>
              </value>
            </param>
            <param index="1">
              <value>
                <![CDATA[public void tests.calculatorAddTest.shouldAddTwoNumbers(java.lang.String,java.lang.String) throws java.lang.Exception]]>
              </value>
            </param>
          </params>
          <reporter-output>
          </reporter-output>
        </test-method> <!-- afterMethod -->
        <test-method status="PASS" signature="beforeMethod(java.lang.reflect.Method)[pri:0, instance:tests.calculatorAddTest@204f30ec]" name="beforeMethod" is-config="true" duration-ms="3697" started-at="2017-07-25T20:43:43Z" finished-at="2017-07-25T20:43:47Z">
          <params>
            <param index="0">
              <value>
                <![CDATA[public void tests.calculatorAddTest.shouldAddTwoNumbers(java.lang.String,java.lang.String) throws java.lang.Exception]]>
              </value>
            </param>
          </params>
          <reporter-output>
          </reporter-output>
        </test-method> <!-- beforeMethod -->
        <test-method status="PASS" signature="shouldAddTwoNumbers(java.lang.String, java.lang.String)[pri:0, instance:tests.calculatorAddTest@204f30ec]" name="shouldAddTwoNumbers" duration-ms="392" started-at="2017-07-25T20:43:47Z" data-provider="numberData" finished-at="2017-07-25T20:43:47Z">
          <params>
            <param index="0">
              <value>
                <![CDATA[0]]>
              </value>
            </param>
            <param index="1">
              <value>
                <![CDATA[2]]>
              </value>
            </param>
          </params>
          <reporter-output>
          </reporter-output>
        </test-method> <!-- shouldAddTwoNumbers -->
        <test-method status="PASS" signature="afterMethod(org.testng.ITestResult, java.lang.reflect.Method)[pri:0, instance:tests.calculatorAddTest@204f30ec]" name="afterMethod" is-config="true" duration-ms="722" started-at="2017-07-25T20:43:47Z" finished-at="2017-07-25T20:43:48Z">
          <params>
            <param index="0">
              <value>
                <![CDATA[[TestResult name=shouldAddTwoNumbers status=SUCCESS method=calculatorAddTest.shouldAddTwoNumbers(java.lang.String, java.lang.String)[pri:0, instance:tests.calculatorAddTest@204f30ec] output={null}]]]>
              </value>
            </param>
            <param index="1">
              <value>
                <![CDATA[public void tests.calculatorAddTest.shouldAddTwoNumbers(java.lang.String,java.lang.String) throws java.lang.Exception]]>
              </value>
            </param>
          </params>
          <reporter-output>
          </reporter-output>
        </test-method> <!-- afterMethod -->
        <test-method status="PASS" signature="beforeMethod(java.lang.reflect.Method)[pri:0, instance:tests.calculatorAddTest@204f30ec]" name="beforeMethod" is-config="true" duration-ms="3646" started-at="2017-07-25T20:43:48Z" finished-at="2017-07-25T20:43:52Z">
          <params>
            <param index="0">
              <value>
                <![CDATA[public void tests.calculatorAddTest.shouldAddTwoNumbers(java.lang.String,java.lang.String) throws java.lang.Exception]]>
              </value>
            </param>
          </params>
          <reporter-output>
          </reporter-output>
        </test-method> <!-- beforeMethod -->
        <test-method status="PASS" signature="shouldAddTwoNumbers(java.lang.String, java.lang.String)[pri:0, instance:tests.calculatorAddTest@204f30ec]" name="shouldAddTwoNumbers" duration-ms="414" started-at="2017-07-25T20:43:52Z" data-provider="numberData" finished-at="2017-07-25T20:43:52Z">
          <params>
            <param index="0">
              <value>
                <![CDATA[2]]>
              </value>
            </param>
            <param index="1">
              <value>
                <![CDATA[0]]>
              </value>
            </param>
          </params>
          <reporter-output>
          </reporter-output>
        </test-method> <!-- shouldAddTwoNumbers -->
        <test-method status="PASS" signature="afterMethod(org.testng.ITestResult, java.lang.reflect.Method)[pri:0, instance:tests.calculatorAddTest@204f30ec]" name="afterMethod" is-config="true" duration-ms="725" started-at="2017-07-25T20:43:52Z" finished-at="2017-07-25T20:43:53Z">
          <params>
            <param index="0">
              <value>
                <![CDATA[[TestResult name=shouldAddTwoNumbers status=SUCCESS method=calculatorAddTest.shouldAddTwoNumbers(java.lang.String, java.lang.String)[pri:0, instance:tests.calculatorAddTest@204f30ec] output={null}]]]>
              </value>
            </param>
            <param index="1">
              <value>
                <![CDATA[public void tests.calculatorAddTest.shouldAddTwoNumbers(java.lang.String,java.lang.String) throws java.lang.Exception]]>
              </value>
            </param>
          </params>
          <reporter-output>
          </reporter-output>
        </test-method> <!-- afterMethod -->
        <test-method status="PASS" signature="beforeMethod(java.lang.reflect.Method)[pri:0, instance:tests.calculatorAddTest@204f30ec]" name="beforeMethod" is-config="true" duration-ms="3689" started-at="2017-07-25T20:43:53Z" finished-at="2017-07-25T20:43:57Z">
          <params>
            <param index="0">
              <value>
                <![CDATA[public void tests.calculatorAddTest.shouldntAddTwoWords(java.lang.String,java.lang.String) throws java.lang.Exception]]>
              </value>
            </param>
          </params>
          <reporter-output>
          </reporter-output>
        </test-method> <!-- beforeMethod -->
        <test-method status="PASS" signature="shouldntAddTwoWords(java.lang.String, java.lang.String)[pri:0, instance:tests.calculatorAddTest@204f30ec]" name="shouldntAddTwoWords" duration-ms="427" started-at="2017-07-25T20:43:57Z" data-provider="wordData" finished-at="2017-07-25T20:43:57Z">
          <params>
            <param index="0">
              <value>
                <![CDATA[5X?zf7_&]]>
              </value>
            </param>
            <param index="1">
              <value>
                <![CDATA[Y!_zW9^u]]>
              </value>
            </param>
          </params>
          <reporter-output>
          </reporter-output>
        </test-method> <!-- shouldntAddTwoWords -->
        <test-method status="PASS" signature="afterMethod(org.testng.ITestResult, java.lang.reflect.Method)[pri:0, instance:tests.calculatorAddTest@204f30ec]" name="afterMethod" is-config="true" duration-ms="715" started-at="2017-07-25T20:43:57Z" finished-at="2017-07-25T20:43:58Z">
          <params>
            <param index="0">
              <value>
                <![CDATA[[TestResult name=shouldntAddTwoWords status=SUCCESS method=calculatorAddTest.shouldntAddTwoWords(java.lang.String, java.lang.String)[pri:0, instance:tests.calculatorAddTest@204f30ec] output={null}]]]>
              </value>
            </param>
            <param index="1">
              <value>
                <![CDATA[public void tests.calculatorAddTest.shouldntAddTwoWords(java.lang.String,java.lang.String) throws java.lang.Exception]]>
              </value>
            </param>
          </params>
          <reporter-output>
          </reporter-output>
        </test-method> <!-- afterMethod -->
        <test-method status="PASS" signature="beforeMethod(java.lang.reflect.Method)[pri:0, instance:tests.calculatorAddTest@204f30ec]" name="beforeMethod" is-config="true" duration-ms="3697" started-at="2017-07-25T20:43:58Z" finished-at="2017-07-25T20:44:02Z">
          <params>
            <param index="0">
              <value>
                <![CDATA[public void tests.calculatorAddTest.shouldntAddTwoWords(java.lang.String,java.lang.String) throws java.lang.Exception]]>
              </value>
            </param>
          </params>
          <reporter-output>
          </reporter-output>
        </test-method> <!-- beforeMethod -->
        <test-method status="PASS" signature="shouldntAddTwoWords(java.lang.String, java.lang.String)[pri:0, instance:tests.calculatorAddTest@204f30ec]" name="shouldntAddTwoWords" duration-ms="448" started-at="2017-07-25T20:44:02Z" data-provider="wordData" finished-at="2017-07-25T20:44:02Z">
          <params>
            <param index="0">
              <value>
                <![CDATA[*5vC_ctB]]>
              </value>
            </param>
            <param index="1">
              <value>
                <![CDATA[W$5b3Quz]]>
              </value>
            </param>
          </params>
          <reporter-output>
          </reporter-output>
        </test-method> <!-- shouldntAddTwoWords -->
        <test-method status="PASS" signature="afterMethod(org.testng.ITestResult, java.lang.reflect.Method)[pri:0, instance:tests.calculatorAddTest@204f30ec]" name="afterMethod" is-config="true" duration-ms="756" started-at="2017-07-25T20:44:02Z" finished-at="2017-07-25T20:44:03Z">
          <params>
            <param index="0">
              <value>
                <![CDATA[[TestResult name=shouldntAddTwoWords status=SUCCESS method=calculatorAddTest.shouldntAddTwoWords(java.lang.String, java.lang.String)[pri:0, instance:tests.calculatorAddTest@204f30ec] output={null}]]]>
              </value>
            </param>
            <param index="1">
              <value>
                <![CDATA[public void tests.calculatorAddTest.shouldntAddTwoWords(java.lang.String,java.lang.String) throws java.lang.Exception]]>
              </value>
            </param>
          </params>
          <reporter-output>
          </reporter-output>
        </test-method> <!-- afterMethod -->
        <test-method status="PASS" signature="beforeMethod(java.lang.reflect.Method)[pri:0, instance:tests.calculatorAddTest@204f30ec]" name="beforeMethod" is-config="true" duration-ms="3717" started-at="2017-07-25T20:44:03Z" finished-at="2017-07-25T20:44:06Z">
          <params>
            <param index="0">
              <value>
                <![CDATA[public void tests.calculatorAddTest.shouldntAddTwoWords(java.lang.String,java.lang.String) throws java.lang.Exception]]>
              </value>
            </param>
          </params>
          <reporter-output>
          </reporter-output>
        </test-method> <!-- beforeMethod -->
        <test-method status="PASS" signature="shouldntAddTwoWords(java.lang.String, java.lang.String)[pri:0, instance:tests.calculatorAddTest@204f30ec]" name="shouldntAddTwoWords" duration-ms="420" started-at="2017-07-25T20:44:06Z" data-provider="wordData" finished-at="2017-07-25T20:44:07Z">
          <params>
            <param index="0">
              <value>
                <![CDATA[_7ZVSWn&]]>
              </value>
            </param>
            <param index="1">
              <value>
                <![CDATA[e?6=JrXu]]>
              </value>
            </param>
          </params>
          <reporter-output>
          </reporter-output>
        </test-method> <!-- shouldntAddTwoWords -->
        <test-method status="PASS" signature="afterMethod(org.testng.ITestResult, java.lang.reflect.Method)[pri:0, instance:tests.calculatorAddTest@204f30ec]" name="afterMethod" is-config="true" duration-ms="716" started-at="2017-07-25T20:44:07Z" finished-at="2017-07-25T20:44:08Z">
          <params>
            <param index="0">
              <value>
                <![CDATA[[TestResult name=shouldntAddTwoWords status=SUCCESS method=calculatorAddTest.shouldntAddTwoWords(java.lang.String, java.lang.String)[pri:0, instance:tests.calculatorAddTest@204f30ec] output={null}]]]>
              </value>
            </param>
            <param index="1">
              <value>
                <![CDATA[public void tests.calculatorAddTest.shouldntAddTwoWords(java.lang.String,java.lang.String) throws java.lang.Exception]]>
              </value>
            </param>
          </params>
          <reporter-output>
          </reporter-output>
        </test-method> <!-- afterMethod -->
        <test-method status="PASS" signature="beforeMethod(java.lang.reflect.Method)[pri:0, instance:tests.calculatorAddTest@204f30ec]" name="beforeMethod" is-config="true" duration-ms="3700" started-at="2017-07-25T20:44:08Z" finished-at="2017-07-25T20:44:11Z">
          <params>
            <param index="0">
              <value>
                <![CDATA[public void tests.calculatorAddTest.shouldntAddTwoWords(java.lang.String,java.lang.String) throws java.lang.Exception]]>
              </value>
            </param>
          </params>
          <reporter-output>
          </reporter-output>
        </test-method> <!-- beforeMethod -->
        <test-method status="PASS" signature="shouldntAddTwoWords(java.lang.String, java.lang.String)[pri:0, instance:tests.calculatorAddTest@204f30ec]" name="shouldntAddTwoWords" duration-ms="433" started-at="2017-07-25T20:44:11Z" data-provider="wordData" finished-at="2017-07-25T20:44:12Z">
          <params>
            <param index="0">
              <value>
                <![CDATA[Khhd5k+E]]>
              </value>
            </param>
            <param index="1">
              <value>
                <![CDATA[N^33msP7]]>
              </value>
            </param>
          </params>
          <reporter-output>
          </reporter-output>
        </test-method> <!-- shouldntAddTwoWords -->
        <test-method status="PASS" signature="afterMethod(org.testng.ITestResult, java.lang.reflect.Method)[pri:0, instance:tests.calculatorAddTest@204f30ec]" name="afterMethod" is-config="true" duration-ms="705" started-at="2017-07-25T20:44:12Z" finished-at="2017-07-25T20:44:12Z">
          <params>
            <param index="0">
              <value>
                <![CDATA[[TestResult name=shouldntAddTwoWords status=SUCCESS method=calculatorAddTest.shouldntAddTwoWords(java.lang.String, java.lang.String)[pri:0, instance:tests.calculatorAddTest@204f30ec] output={null}]]]>
              </value>
            </param>
            <param index="1">
              <value>
                <![CDATA[public void tests.calculatorAddTest.shouldntAddTwoWords(java.lang.String,java.lang.String) throws java.lang.Exception]]>
              </value>
            </param>
          </params>
          <reporter-output>
          </reporter-output>
        </test-method> <!-- afterMethod -->
      </class> <!-- tests.calculatorAddTest -->
    </test> <!-- Default test -->
  </suite> <!-- Default suite -->
</testng-results>
