<?xml version="1.0" encoding="UTF-8"?>
<testng-results skipped="0" failed="0" ignored="0" total="9" passed="9">
  <reporter-output>
  </reporter-output>
  <suite name="Default suite" duration-ms="44124" started-at="2017-07-24T09:50:36Z" finished-at="2017-07-24T09:51:20Z">
    <groups>
    </groups>
    <test name="Default test" duration-ms="44124" started-at="2017-07-24T09:50:36Z" finished-at="2017-07-24T09:51:20Z">
      <class name="tests.calculatorAddTest">
        <test-method status="PASS" signature="beforeMethod(java.lang.reflect.Method)[pri:0, instance:tests.calculatorAddTest@204f30ec]" name="beforeMethod" is-config="true" duration-ms="4464" started-at="2017-07-24T11:50:36Z" finished-at="2017-07-24T11:50:41Z">
          <params>
            <param index="0">
              <value>
                <![CDATA[public void tests.calculatorAddTest.shouldAddTwoNumbers(java.lang.String,java.lang.String) throws java.lang.Exception]]>
              </value>
            </param>
          </params>
          <reporter-output>
          </reporter-output>
        </test-method> <!-- beforeMethod -->
        <test-method status="PASS" signature="shouldAddTwoNumbers(java.lang.String, java.lang.String)[pri:0, instance:tests.calculatorAddTest@204f30ec]" name="shouldAddTwoNumbers" duration-ms="436" started-at="2017-07-24T11:50:41Z" data-provider="addData" finished-at="2017-07-24T11:50:41Z">
          <params>
            <param index="0">
              <value>
                <![CDATA[-1]]>
              </value>
            </param>
            <param index="1">
              <value>
                <![CDATA[1]]>
              </value>
            </param>
          </params>
          <reporter-output>
          </reporter-output>
        </test-method> <!-- shouldAddTwoNumbers -->
        <test-method status="PASS" signature="afterMethod(org.testng.ITestResult, java.lang.reflect.Method)[pri:0, instance:tests.calculatorAddTest@204f30ec]" name="afterMethod" is-config="true" duration-ms="1017" started-at="2017-07-24T11:50:41Z" finished-at="2017-07-24T11:50:42Z">
          <params>
            <param index="0">
              <value>
                <![CDATA[[TestResult name=shouldAddTwoNumbers status=SUCCESS method=calculatorAddTest.shouldAddTwoNumbers(java.lang.String, java.lang.String)[pri:0, instance:tests.calculatorAddTest@204f30ec] output={null}]]]>
              </value>
            </param>
            <param index="1">
              <value>
                <![CDATA[public void tests.calculatorAddTest.shouldAddTwoNumbers(java.lang.String,java.lang.String) throws java.lang.Exception]]>
              </value>
            </param>
          </params>
          <reporter-output>
          </reporter-output>
        </test-method> <!-- afterMethod -->
        <test-method status="PASS" signature="beforeMethod(java.lang.reflect.Method)[pri:0, instance:tests.calculatorAddTest@204f30ec]" name="beforeMethod" is-config="true" duration-ms="3381" started-at="2017-07-24T11:50:42Z" finished-at="2017-07-24T11:50:45Z">
          <params>
            <param index="0">
              <value>
                <![CDATA[public void tests.calculatorAddTest.shouldAddTwoNumbers(java.lang.String,java.lang.String) throws java.lang.Exception]]>
              </value>
            </param>
          </params>
          <reporter-output>
          </reporter-output>
        </test-method> <!-- beforeMethod -->
        <test-method status="PASS" signature="shouldAddTwoNumbers(java.lang.String, java.lang.String)[pri:0, instance:tests.calculatorAddTest@204f30ec]" name="shouldAddTwoNumbers" duration-ms="399" started-at="2017-07-24T11:50:45Z" data-provider="addData" finished-at="2017-07-24T11:50:46Z">
          <params>
            <param index="0">
              <value>
                <![CDATA[2]]>
              </value>
            </param>
            <param index="1">
              <value>
                <![CDATA[-2]]>
              </value>
            </param>
          </params>
          <reporter-output>
          </reporter-output>
        </test-method> <!-- shouldAddTwoNumbers -->
        <test-method status="PASS" signature="afterMethod(org.testng.ITestResult, java.lang.reflect.Method)[pri:0, instance:tests.calculatorAddTest@204f30ec]" name="afterMethod" is-config="true" duration-ms="771" started-at="2017-07-24T11:50:46Z" finished-at="2017-07-24T11:50:47Z">
          <params>
            <param index="0">
              <value>
                <![CDATA[[TestResult name=shouldAddTwoNumbers status=SUCCESS method=calculatorAddTest.shouldAddTwoNumbers(java.lang.String, java.lang.String)[pri:0, instance:tests.calculatorAddTest@204f30ec] output={null}]]]>
              </value>
            </param>
            <param index="1">
              <value>
                <![CDATA[public void tests.calculatorAddTest.shouldAddTwoNumbers(java.lang.String,java.lang.String) throws java.lang.Exception]]>
              </value>
            </param>
          </params>
          <reporter-output>
          </reporter-output>
        </test-method> <!-- afterMethod -->
        <test-method status="PASS" signature="beforeMethod(java.lang.reflect.Method)[pri:0, instance:tests.calculatorAddTest@204f30ec]" name="beforeMethod" is-config="true" duration-ms="3540" started-at="2017-07-24T11:50:47Z" finished-at="2017-07-24T11:50:50Z">
          <params>
            <param index="0">
              <value>
                <![CDATA[public void tests.calculatorAddTest.shouldAddTwoNumbers(java.lang.String,java.lang.String) throws java.lang.Exception]]>
              </value>
            </param>
          </params>
          <reporter-output>
          </reporter-output>
        </test-method> <!-- beforeMethod -->
        <test-method status="PASS" signature="shouldAddTwoNumbers(java.lang.String, java.lang.String)[pri:0, instance:tests.calculatorAddTest@204f30ec]" name="shouldAddTwoNumbers" duration-ms="408" started-at="2017-07-24T11:50:50Z" data-provider="addData" finished-at="2017-07-24T11:50:51Z">
          <params>
            <param index="0">
              <value>
                <![CDATA[-3]]>
              </value>
            </param>
            <param index="1">
              <value>
                <![CDATA[-3]]>
              </value>
            </param>
          </params>
          <reporter-output>
          </reporter-output>
        </test-method> <!-- shouldAddTwoNumbers -->
        <test-method status="PASS" signature="afterMethod(org.testng.ITestResult, java.lang.reflect.Method)[pri:0, instance:tests.calculatorAddTest@204f30ec]" name="afterMethod" is-config="true" duration-ms="740" started-at="2017-07-24T11:50:51Z" finished-at="2017-07-24T11:50:51Z">
          <params>
            <param index="0">
              <value>
                <![CDATA[[TestResult name=shouldAddTwoNumbers status=SUCCESS method=calculatorAddTest.shouldAddTwoNumbers(java.lang.String, java.lang.String)[pri:0, instance:tests.calculatorAddTest@204f30ec] output={null}]]]>
              </value>
            </param>
            <param index="1">
              <value>
                <![CDATA[public void tests.calculatorAddTest.shouldAddTwoNumbers(java.lang.String,java.lang.String) throws java.lang.Exception]]>
              </value>
            </param>
          </params>
          <reporter-output>
          </reporter-output>
        </test-method> <!-- afterMethod -->
        <test-method status="PASS" signature="beforeMethod(java.lang.reflect.Method)[pri:0, instance:tests.calculatorAddTest@204f30ec]" name="beforeMethod" is-config="true" duration-ms="3575" started-at="2017-07-24T11:50:51Z" finished-at="2017-07-24T11:50:55Z">
          <params>
            <param index="0">
              <value>
                <![CDATA[public void tests.calculatorAddTest.shouldAddTwoNumbers(java.lang.String,java.lang.String) throws java.lang.Exception]]>
              </value>
            </param>
          </params>
          <reporter-output>
          </reporter-output>
        </test-method> <!-- beforeMethod -->
        <test-method status="PASS" signature="shouldAddTwoNumbers(java.lang.String, java.lang.String)[pri:0, instance:tests.calculatorAddTest@204f30ec]" name="shouldAddTwoNumbers" duration-ms="401" started-at="2017-07-24T11:50:55Z" data-provider="addData" finished-at="2017-07-24T11:50:55Z">
          <params>
            <param index="0">
              <value>
                <![CDATA[4]]>
              </value>
            </param>
            <param index="1">
              <value>
                <![CDATA[4]]>
              </value>
            </param>
          </params>
          <reporter-output>
          </reporter-output>
        </test-method> <!-- shouldAddTwoNumbers -->
        <test-method status="PASS" signature="afterMethod(org.testng.ITestResult, java.lang.reflect.Method)[pri:0, instance:tests.calculatorAddTest@204f30ec]" name="afterMethod" is-config="true" duration-ms="724" started-at="2017-07-24T11:50:55Z" finished-at="2017-07-24T11:50:56Z">
          <params>
            <param index="0">
              <value>
                <![CDATA[[TestResult name=shouldAddTwoNumbers status=SUCCESS method=calculatorAddTest.shouldAddTwoNumbers(java.lang.String, java.lang.String)[pri:0, instance:tests.calculatorAddTest@204f30ec] output={null}]]]>
              </value>
            </param>
            <param index="1">
              <value>
                <![CDATA[public void tests.calculatorAddTest.shouldAddTwoNumbers(java.lang.String,java.lang.String) throws java.lang.Exception]]>
              </value>
            </param>
          </params>
          <reporter-output>
          </reporter-output>
        </test-method> <!-- afterMethod -->
        <test-method status="PASS" signature="beforeMethod(java.lang.reflect.Method)[pri:0, instance:tests.calculatorAddTest@204f30ec]" name="beforeMethod" is-config="true" duration-ms="3589" started-at="2017-07-24T11:50:56Z" finished-at="2017-07-24T11:51:00Z">
          <params>
            <param index="0">
              <value>
                <![CDATA[public void tests.calculatorAddTest.shouldAddTwoNumbers(java.lang.String,java.lang.String) throws java.lang.Exception]]>
              </value>
            </param>
          </params>
          <reporter-output>
          </reporter-output>
        </test-method> <!-- beforeMethod -->
        <test-method status="PASS" signature="shouldAddTwoNumbers(java.lang.String, java.lang.String)[pri:0, instance:tests.calculatorAddTest@204f30ec]" name="shouldAddTwoNumbers" duration-ms="400" started-at="2017-07-24T11:51:00Z" data-provider="addData" finished-at="2017-07-24T11:51:00Z">
          <params>
            <param index="0">
              <value>
                <![CDATA[0]]>
              </value>
            </param>
            <param index="1">
              <value>
                <![CDATA[0]]>
              </value>
            </param>
          </params>
          <reporter-output>
          </reporter-output>
        </test-method> <!-- shouldAddTwoNumbers -->
        <test-method status="PASS" signature="afterMethod(org.testng.ITestResult, java.lang.reflect.Method)[pri:0, instance:tests.calculatorAddTest@204f30ec]" name="afterMethod" is-config="true" duration-ms="728" started-at="2017-07-24T11:51:00Z" finished-at="2017-07-24T11:51:01Z">
          <params>
            <param index="0">
              <value>
                <![CDATA[[TestResult name=shouldAddTwoNumbers status=SUCCESS method=calculatorAddTest.shouldAddTwoNumbers(java.lang.String, java.lang.String)[pri:0, instance:tests.calculatorAddTest@204f30ec] output={null}]]]>
              </value>
            </param>
            <param index="1">
              <value>
                <![CDATA[public void tests.calculatorAddTest.shouldAddTwoNumbers(java.lang.String,java.lang.String) throws java.lang.Exception]]>
              </value>
            </param>
          </params>
          <reporter-output>
          </reporter-output>
        </test-method> <!-- afterMethod -->
        <test-method status="PASS" signature="beforeMethod(java.lang.reflect.Method)[pri:0, instance:tests.calculatorAddTest@204f30ec]" name="beforeMethod" is-config="true" duration-ms="3602" started-at="2017-07-24T11:51:01Z" finished-at="2017-07-24T11:51:04Z">
          <params>
            <param index="0">
              <value>
                <![CDATA[public void tests.calculatorAddTest.shouldAddTwoNumbers(java.lang.String,java.lang.String) throws java.lang.Exception]]>
              </value>
            </param>
          </params>
          <reporter-output>
          </reporter-output>
        </test-method> <!-- beforeMethod -->
        <test-method status="PASS" signature="shouldAddTwoNumbers(java.lang.String, java.lang.String)[pri:0, instance:tests.calculatorAddTest@204f30ec]" name="shouldAddTwoNumbers" duration-ms="400" started-at="2017-07-24T11:51:04Z" data-provider="addData" finished-at="2017-07-24T11:51:05Z">
          <params>
            <param index="0">
              <value>
                <![CDATA[-0]]>
              </value>
            </param>
            <param index="1">
              <value>
                <![CDATA[0]]>
              </value>
            </param>
          </params>
          <reporter-output>
          </reporter-output>
        </test-method> <!-- shouldAddTwoNumbers -->
        <test-method status="PASS" signature="afterMethod(org.testng.ITestResult, java.lang.reflect.Method)[pri:0, instance:tests.calculatorAddTest@204f30ec]" name="afterMethod" is-config="true" duration-ms="735" started-at="2017-07-24T11:51:05Z" finished-at="2017-07-24T11:51:05Z">
          <params>
            <param index="0">
              <value>
                <![CDATA[[TestResult name=shouldAddTwoNumbers status=SUCCESS method=calculatorAddTest.shouldAddTwoNumbers(java.lang.String, java.lang.String)[pri:0, instance:tests.calculatorAddTest@204f30ec] output={null}]]]>
              </value>
            </param>
            <param index="1">
              <value>
                <![CDATA[public void tests.calculatorAddTest.shouldAddTwoNumbers(java.lang.String,java.lang.String) throws java.lang.Exception]]>
              </value>
            </param>
          </params>
          <reporter-output>
          </reporter-output>
        </test-method> <!-- afterMethod -->
        <test-method status="PASS" signature="beforeMethod(java.lang.reflect.Method)[pri:0, instance:tests.calculatorAddTest@204f30ec]" name="beforeMethod" is-config="true" duration-ms="3595" started-at="2017-07-24T11:51:05Z" finished-at="2017-07-24T11:51:09Z">
          <params>
            <param index="0">
              <value>
                <![CDATA[public void tests.calculatorAddTest.shouldAddTwoNumbers(java.lang.String,java.lang.String) throws java.lang.Exception]]>
              </value>
            </param>
          </params>
          <reporter-output>
          </reporter-output>
        </test-method> <!-- beforeMethod -->
        <test-method status="PASS" signature="shouldAddTwoNumbers(java.lang.String, java.lang.String)[pri:0, instance:tests.calculatorAddTest@204f30ec]" name="shouldAddTwoNumbers" duration-ms="400" started-at="2017-07-24T11:51:09Z" data-provider="addData" finished-at="2017-07-24T11:51:09Z">
          <params>
            <param index="0">
              <value>
                <![CDATA[0]]>
              </value>
            </param>
            <param index="1">
              <value>
                <![CDATA[-0]]>
              </value>
            </param>
          </params>
          <reporter-output>
          </reporter-output>
        </test-method> <!-- shouldAddTwoNumbers -->
        <test-method status="PASS" signature="afterMethod(org.testng.ITestResult, java.lang.reflect.Method)[pri:0, instance:tests.calculatorAddTest@204f30ec]" name="afterMethod" is-config="true" duration-ms="719" started-at="2017-07-24T11:51:09Z" finished-at="2017-07-24T11:51:10Z">
          <params>
            <param index="0">
              <value>
                <![CDATA[[TestResult name=shouldAddTwoNumbers status=SUCCESS method=calculatorAddTest.shouldAddTwoNumbers(java.lang.String, java.lang.String)[pri:0, instance:tests.calculatorAddTest@204f30ec] output={null}]]]>
              </value>
            </param>
            <param index="1">
              <value>
                <![CDATA[public void tests.calculatorAddTest.shouldAddTwoNumbers(java.lang.String,java.lang.String) throws java.lang.Exception]]>
              </value>
            </param>
          </params>
          <reporter-output>
          </reporter-output>
        </test-method> <!-- afterMethod -->
        <test-method status="PASS" signature="beforeMethod(java.lang.reflect.Method)[pri:0, instance:tests.calculatorAddTest@204f30ec]" name="beforeMethod" is-config="true" duration-ms="3690" started-at="2017-07-24T11:51:10Z" finished-at="2017-07-24T11:51:14Z">
          <params>
            <param index="0">
              <value>
                <![CDATA[public void tests.calculatorAddTest.shouldAddTwoNumbers(java.lang.String,java.lang.String) throws java.lang.Exception]]>
              </value>
            </param>
          </params>
          <reporter-output>
          </reporter-output>
        </test-method> <!-- beforeMethod -->
        <test-method status="PASS" signature="shouldAddTwoNumbers(java.lang.String, java.lang.String)[pri:0, instance:tests.calculatorAddTest@204f30ec]" name="shouldAddTwoNumbers" duration-ms="406" started-at="2017-07-24T11:51:14Z" data-provider="addData" finished-at="2017-07-24T11:51:14Z">
          <params>
            <param index="0">
              <value>
                <![CDATA[0]]>
              </value>
            </param>
            <param index="1">
              <value>
                <![CDATA[2]]>
              </value>
            </param>
          </params>
          <reporter-output>
          </reporter-output>
        </test-method> <!-- shouldAddTwoNumbers -->
        <test-method status="PASS" signature="afterMethod(org.testng.ITestResult, java.lang.reflect.Method)[pri:0, instance:tests.calculatorAddTest@204f30ec]" name="afterMethod" is-config="true" duration-ms="719" started-at="2017-07-24T11:51:14Z" finished-at="2017-07-24T11:51:15Z">
          <params>
            <param index="0">
              <value>
                <![CDATA[[TestResult name=shouldAddTwoNumbers status=SUCCESS method=calculatorAddTest.shouldAddTwoNumbers(java.lang.String, java.lang.String)[pri:0, instance:tests.calculatorAddTest@204f30ec] output={null}]]]>
              </value>
            </param>
            <param index="1">
              <value>
                <![CDATA[public void tests.calculatorAddTest.shouldAddTwoNumbers(java.lang.String,java.lang.String) throws java.lang.Exception]]>
              </value>
            </param>
          </params>
          <reporter-output>
          </reporter-output>
        </test-method> <!-- afterMethod -->
        <test-method status="PASS" signature="beforeMethod(java.lang.reflect.Method)[pri:0, instance:tests.calculatorAddTest@204f30ec]" name="beforeMethod" is-config="true" duration-ms="3679" started-at="2017-07-24T11:51:15Z" finished-at="2017-07-24T11:51:19Z">
          <params>
            <param index="0">
              <value>
                <![CDATA[public void tests.calculatorAddTest.shouldAddTwoNumbers(java.lang.String,java.lang.String) throws java.lang.Exception]]>
              </value>
            </param>
          </params>
          <reporter-output>
          </reporter-output>
        </test-method> <!-- beforeMethod -->
        <test-method status="PASS" signature="shouldAddTwoNumbers(java.lang.String, java.lang.String)[pri:0, instance:tests.calculatorAddTest@204f30ec]" name="shouldAddTwoNumbers" duration-ms="396" started-at="2017-07-24T11:51:19Z" data-provider="addData" finished-at="2017-07-24T11:51:19Z">
          <params>
            <param index="0">
              <value>
                <![CDATA[2]]>
              </value>
            </param>
            <param index="1">
              <value>
                <![CDATA[0]]>
              </value>
            </param>
          </params>
          <reporter-output>
          </reporter-output>
        </test-method> <!-- shouldAddTwoNumbers -->
        <test-method status="PASS" signature="afterMethod(org.testng.ITestResult, java.lang.reflect.Method)[pri:0, instance:tests.calculatorAddTest@204f30ec]" name="afterMethod" is-config="true" duration-ms="719" started-at="2017-07-24T11:51:19Z" finished-at="2017-07-24T11:51:20Z">
          <params>
            <param index="0">
              <value>
                <![CDATA[[TestResult name=shouldAddTwoNumbers status=SUCCESS method=calculatorAddTest.shouldAddTwoNumbers(java.lang.String, java.lang.String)[pri:0, instance:tests.calculatorAddTest@204f30ec] output={null}]]]>
              </value>
            </param>
            <param index="1">
              <value>
                <![CDATA[public void tests.calculatorAddTest.shouldAddTwoNumbers(java.lang.String,java.lang.String) throws java.lang.Exception]]>
              </value>
            </param>
          </params>
          <reporter-output>
          </reporter-output>
        </test-method> <!-- afterMethod -->
      </class> <!-- tests.calculatorAddTest -->
    </test> <!-- Default test -->
  </suite> <!-- Default suite -->
</testng-results>
