<?xml version="1.0" encoding="UTF-8"?>
<testng-results skipped="0" failed="0" ignored="0" total="13" passed="13">
  <reporter-output>
  </reporter-output>
  <suite name="Default suite" duration-ms="73004" started-at="2017-07-24T17:49:12Z" finished-at="2017-07-24T17:50:25Z">
    <groups>
    </groups>
    <test name="Default test" duration-ms="73004" started-at="2017-07-24T17:49:12Z" finished-at="2017-07-24T17:50:25Z">
      <class name="tests.calculatorAddTest">
        <test-method status="PASS" signature="beforeMethod(java.lang.reflect.Method)[pri:0, instance:tests.calculatorAddTest@204f30ec]" name="beforeMethod" is-config="true" duration-ms="5520" started-at="2017-07-24T19:49:12Z" finished-at="2017-07-24T19:49:18Z">
          <params>
            <param index="0">
              <value>
                <![CDATA[public void tests.calculatorAddTest.shouldAddTwoNumbers(java.lang.String,java.lang.String) throws java.lang.Exception]]>
              </value>
            </param>
          </params>
          <reporter-output>
          </reporter-output>
        </test-method> <!-- beforeMethod -->
        <test-method status="PASS" signature="shouldAddTwoNumbers(java.lang.String, java.lang.String)[pri:0, instance:tests.calculatorAddTest@204f30ec]" name="shouldAddTwoNumbers" duration-ms="520" started-at="2017-07-24T19:49:18Z" data-provider="numberData" finished-at="2017-07-24T19:49:18Z">
          <params>
            <param index="0">
              <value>
                <![CDATA[-1]]>
              </value>
            </param>
            <param index="1">
              <value>
                <![CDATA[1]]>
              </value>
            </param>
          </params>
          <reporter-output>
          </reporter-output>
        </test-method> <!-- shouldAddTwoNumbers -->
        <test-method status="PASS" signature="afterMethod(org.testng.ITestResult, java.lang.reflect.Method)[pri:0, instance:tests.calculatorAddTest@204f30ec]" name="afterMethod" is-config="true" duration-ms="1036" started-at="2017-07-24T19:49:18Z" finished-at="2017-07-24T19:49:19Z">
          <params>
            <param index="0">
              <value>
                <![CDATA[[TestResult name=shouldAddTwoNumbers status=SUCCESS method=calculatorAddTest.shouldAddTwoNumbers(java.lang.String, java.lang.String)[pri:0, instance:tests.calculatorAddTest@204f30ec] output={null}]]]>
              </value>
            </param>
            <param index="1">
              <value>
                <![CDATA[public void tests.calculatorAddTest.shouldAddTwoNumbers(java.lang.String,java.lang.String) throws java.lang.Exception]]>
              </value>
            </param>
          </params>
          <reporter-output>
          </reporter-output>
        </test-method> <!-- afterMethod -->
        <test-method status="PASS" signature="beforeMethod(java.lang.reflect.Method)[pri:0, instance:tests.calculatorAddTest@204f30ec]" name="beforeMethod" is-config="true" duration-ms="3745" started-at="2017-07-24T19:49:19Z" finished-at="2017-07-24T19:49:23Z">
          <params>
            <param index="0">
              <value>
                <![CDATA[public void tests.calculatorAddTest.shouldAddTwoNumbers(java.lang.String,java.lang.String) throws java.lang.Exception]]>
              </value>
            </param>
          </params>
          <reporter-output>
          </reporter-output>
        </test-method> <!-- beforeMethod -->
        <test-method status="PASS" signature="shouldAddTwoNumbers(java.lang.String, java.lang.String)[pri:0, instance:tests.calculatorAddTest@204f30ec]" name="shouldAddTwoNumbers" duration-ms="428" started-at="2017-07-24T19:49:23Z" data-provider="numberData" finished-at="2017-07-24T19:49:23Z">
          <params>
            <param index="0">
              <value>
                <![CDATA[2]]>
              </value>
            </param>
            <param index="1">
              <value>
                <![CDATA[-2]]>
              </value>
            </param>
          </params>
          <reporter-output>
          </reporter-output>
        </test-method> <!-- shouldAddTwoNumbers -->
        <test-method status="PASS" signature="afterMethod(org.testng.ITestResult, java.lang.reflect.Method)[pri:0, instance:tests.calculatorAddTest@204f30ec]" name="afterMethod" is-config="true" duration-ms="758" started-at="2017-07-24T19:49:23Z" finished-at="2017-07-24T19:49:24Z">
          <params>
            <param index="0">
              <value>
                <![CDATA[[TestResult name=shouldAddTwoNumbers status=SUCCESS method=calculatorAddTest.shouldAddTwoNumbers(java.lang.String, java.lang.String)[pri:0, instance:tests.calculatorAddTest@204f30ec] output={null}]]]>
              </value>
            </param>
            <param index="1">
              <value>
                <![CDATA[public void tests.calculatorAddTest.shouldAddTwoNumbers(java.lang.String,java.lang.String) throws java.lang.Exception]]>
              </value>
            </param>
          </params>
          <reporter-output>
          </reporter-output>
        </test-method> <!-- afterMethod -->
        <test-method status="PASS" signature="beforeMethod(java.lang.reflect.Method)[pri:0, instance:tests.calculatorAddTest@204f30ec]" name="beforeMethod" is-config="true" duration-ms="3665" started-at="2017-07-24T19:49:24Z" finished-at="2017-07-24T19:49:28Z">
          <params>
            <param index="0">
              <value>
                <![CDATA[public void tests.calculatorAddTest.shouldAddTwoNumbers(java.lang.String,java.lang.String) throws java.lang.Exception]]>
              </value>
            </param>
          </params>
          <reporter-output>
          </reporter-output>
        </test-method> <!-- beforeMethod -->
        <test-method status="PASS" signature="shouldAddTwoNumbers(java.lang.String, java.lang.String)[pri:0, instance:tests.calculatorAddTest@204f30ec]" name="shouldAddTwoNumbers" duration-ms="429" started-at="2017-07-24T19:49:28Z" data-provider="numberData" finished-at="2017-07-24T19:49:28Z">
          <params>
            <param index="0">
              <value>
                <![CDATA[-3]]>
              </value>
            </param>
            <param index="1">
              <value>
                <![CDATA[-3]]>
              </value>
            </param>
          </params>
          <reporter-output>
          </reporter-output>
        </test-method> <!-- shouldAddTwoNumbers -->
        <test-method status="PASS" signature="afterMethod(org.testng.ITestResult, java.lang.reflect.Method)[pri:0, instance:tests.calculatorAddTest@204f30ec]" name="afterMethod" is-config="true" duration-ms="729" started-at="2017-07-24T19:49:28Z" finished-at="2017-07-24T19:49:29Z">
          <params>
            <param index="0">
              <value>
                <![CDATA[[TestResult name=shouldAddTwoNumbers status=SUCCESS method=calculatorAddTest.shouldAddTwoNumbers(java.lang.String, java.lang.String)[pri:0, instance:tests.calculatorAddTest@204f30ec] output={null}]]]>
              </value>
            </param>
            <param index="1">
              <value>
                <![CDATA[public void tests.calculatorAddTest.shouldAddTwoNumbers(java.lang.String,java.lang.String) throws java.lang.Exception]]>
              </value>
            </param>
          </params>
          <reporter-output>
          </reporter-output>
        </test-method> <!-- afterMethod -->
        <test-method status="PASS" signature="beforeMethod(java.lang.reflect.Method)[pri:0, instance:tests.calculatorAddTest@204f30ec]" name="beforeMethod" is-config="true" duration-ms="3700" started-at="2017-07-24T19:49:29Z" finished-at="2017-07-24T19:49:33Z">
          <params>
            <param index="0">
              <value>
                <![CDATA[public void tests.calculatorAddTest.shouldAddTwoNumbers(java.lang.String,java.lang.String) throws java.lang.Exception]]>
              </value>
            </param>
          </params>
          <reporter-output>
          </reporter-output>
        </test-method> <!-- beforeMethod -->
        <test-method status="PASS" signature="shouldAddTwoNumbers(java.lang.String, java.lang.String)[pri:0, instance:tests.calculatorAddTest@204f30ec]" name="shouldAddTwoNumbers" duration-ms="422" started-at="2017-07-24T19:49:33Z" data-provider="numberData" finished-at="2017-07-24T19:49:33Z">
          <params>
            <param index="0">
              <value>
                <![CDATA[4]]>
              </value>
            </param>
            <param index="1">
              <value>
                <![CDATA[4]]>
              </value>
            </param>
          </params>
          <reporter-output>
          </reporter-output>
        </test-method> <!-- shouldAddTwoNumbers -->
        <test-method status="PASS" signature="afterMethod(org.testng.ITestResult, java.lang.reflect.Method)[pri:0, instance:tests.calculatorAddTest@204f30ec]" name="afterMethod" is-config="true" duration-ms="720" started-at="2017-07-24T19:49:33Z" finished-at="2017-07-24T19:49:34Z">
          <params>
            <param index="0">
              <value>
                <![CDATA[[TestResult name=shouldAddTwoNumbers status=SUCCESS method=calculatorAddTest.shouldAddTwoNumbers(java.lang.String, java.lang.String)[pri:0, instance:tests.calculatorAddTest@204f30ec] output={null}]]]>
              </value>
            </param>
            <param index="1">
              <value>
                <![CDATA[public void tests.calculatorAddTest.shouldAddTwoNumbers(java.lang.String,java.lang.String) throws java.lang.Exception]]>
              </value>
            </param>
          </params>
          <reporter-output>
          </reporter-output>
        </test-method> <!-- afterMethod -->
        <test-method status="PASS" signature="beforeMethod(java.lang.reflect.Method)[pri:0, instance:tests.calculatorAddTest@204f30ec]" name="beforeMethod" is-config="true" duration-ms="3725" started-at="2017-07-24T19:49:34Z" finished-at="2017-07-24T19:49:37Z">
          <params>
            <param index="0">
              <value>
                <![CDATA[public void tests.calculatorAddTest.shouldAddTwoNumbers(java.lang.String,java.lang.String) throws java.lang.Exception]]>
              </value>
            </param>
          </params>
          <reporter-output>
          </reporter-output>
        </test-method> <!-- beforeMethod -->
        <test-method status="PASS" signature="shouldAddTwoNumbers(java.lang.String, java.lang.String)[pri:0, instance:tests.calculatorAddTest@204f30ec]" name="shouldAddTwoNumbers" duration-ms="434" started-at="2017-07-24T19:49:37Z" data-provider="numberData" finished-at="2017-07-24T19:49:38Z">
          <params>
            <param index="0">
              <value>
                <![CDATA[0]]>
              </value>
            </param>
            <param index="1">
              <value>
                <![CDATA[0]]>
              </value>
            </param>
          </params>
          <reporter-output>
          </reporter-output>
        </test-method> <!-- shouldAddTwoNumbers -->
        <test-method status="PASS" signature="afterMethod(org.testng.ITestResult, java.lang.reflect.Method)[pri:0, instance:tests.calculatorAddTest@204f30ec]" name="afterMethod" is-config="true" duration-ms="723" started-at="2017-07-24T19:49:38Z" finished-at="2017-07-24T19:49:39Z">
          <params>
            <param index="0">
              <value>
                <![CDATA[[TestResult name=shouldAddTwoNumbers status=SUCCESS method=calculatorAddTest.shouldAddTwoNumbers(java.lang.String, java.lang.String)[pri:0, instance:tests.calculatorAddTest@204f30ec] output={null}]]]>
              </value>
            </param>
            <param index="1">
              <value>
                <![CDATA[public void tests.calculatorAddTest.shouldAddTwoNumbers(java.lang.String,java.lang.String) throws java.lang.Exception]]>
              </value>
            </param>
          </params>
          <reporter-output>
          </reporter-output>
        </test-method> <!-- afterMethod -->
        <test-method status="PASS" signature="beforeMethod(java.lang.reflect.Method)[pri:0, instance:tests.calculatorAddTest@204f30ec]" name="beforeMethod" is-config="true" duration-ms="3679" started-at="2017-07-24T19:49:39Z" finished-at="2017-07-24T19:49:42Z">
          <params>
            <param index="0">
              <value>
                <![CDATA[public void tests.calculatorAddTest.shouldAddTwoNumbers(java.lang.String,java.lang.String) throws java.lang.Exception]]>
              </value>
            </param>
          </params>
          <reporter-output>
          </reporter-output>
        </test-method> <!-- beforeMethod -->
        <test-method status="PASS" signature="shouldAddTwoNumbers(java.lang.String, java.lang.String)[pri:0, instance:tests.calculatorAddTest@204f30ec]" name="shouldAddTwoNumbers" duration-ms="422" started-at="2017-07-24T19:49:42Z" data-provider="numberData" finished-at="2017-07-24T19:49:43Z">
          <params>
            <param index="0">
              <value>
                <![CDATA[-0]]>
              </value>
            </param>
            <param index="1">
              <value>
                <![CDATA[0]]>
              </value>
            </param>
          </params>
          <reporter-output>
          </reporter-output>
        </test-method> <!-- shouldAddTwoNumbers -->
        <test-method status="PASS" signature="afterMethod(org.testng.ITestResult, java.lang.reflect.Method)[pri:0, instance:tests.calculatorAddTest@204f30ec]" name="afterMethod" is-config="true" duration-ms="706" started-at="2017-07-24T19:49:43Z" finished-at="2017-07-24T19:49:43Z">
          <params>
            <param index="0">
              <value>
                <![CDATA[[TestResult name=shouldAddTwoNumbers status=SUCCESS method=calculatorAddTest.shouldAddTwoNumbers(java.lang.String, java.lang.String)[pri:0, instance:tests.calculatorAddTest@204f30ec] output={null}]]]>
              </value>
            </param>
            <param index="1">
              <value>
                <![CDATA[public void tests.calculatorAddTest.shouldAddTwoNumbers(java.lang.String,java.lang.String) throws java.lang.Exception]]>
              </value>
            </param>
          </params>
          <reporter-output>
          </reporter-output>
        </test-method> <!-- afterMethod -->
        <test-method status="PASS" signature="beforeMethod(java.lang.reflect.Method)[pri:0, instance:tests.calculatorAddTest@204f30ec]" name="beforeMethod" is-config="true" duration-ms="3662" started-at="2017-07-24T19:49:43Z" finished-at="2017-07-24T19:49:47Z">
          <params>
            <param index="0">
              <value>
                <![CDATA[public void tests.calculatorAddTest.shouldAddTwoNumbers(java.lang.String,java.lang.String) throws java.lang.Exception]]>
              </value>
            </param>
          </params>
          <reporter-output>
          </reporter-output>
        </test-method> <!-- beforeMethod -->
        <test-method status="PASS" signature="shouldAddTwoNumbers(java.lang.String, java.lang.String)[pri:0, instance:tests.calculatorAddTest@204f30ec]" name="shouldAddTwoNumbers" duration-ms="439" started-at="2017-07-24T19:49:47Z" data-provider="numberData" finished-at="2017-07-24T19:49:47Z">
          <params>
            <param index="0">
              <value>
                <![CDATA[0]]>
              </value>
            </param>
            <param index="1">
              <value>
                <![CDATA[-0]]>
              </value>
            </param>
          </params>
          <reporter-output>
          </reporter-output>
        </test-method> <!-- shouldAddTwoNumbers -->
        <test-method status="PASS" signature="afterMethod(org.testng.ITestResult, java.lang.reflect.Method)[pri:0, instance:tests.calculatorAddTest@204f30ec]" name="afterMethod" is-config="true" duration-ms="708" started-at="2017-07-24T19:49:47Z" finished-at="2017-07-24T19:49:48Z">
          <params>
            <param index="0">
              <value>
                <![CDATA[[TestResult name=shouldAddTwoNumbers status=SUCCESS method=calculatorAddTest.shouldAddTwoNumbers(java.lang.String, java.lang.String)[pri:0, instance:tests.calculatorAddTest@204f30ec] output={null}]]]>
              </value>
            </param>
            <param index="1">
              <value>
                <![CDATA[public void tests.calculatorAddTest.shouldAddTwoNumbers(java.lang.String,java.lang.String) throws java.lang.Exception]]>
              </value>
            </param>
          </params>
          <reporter-output>
          </reporter-output>
        </test-method> <!-- afterMethod -->
        <test-method status="PASS" signature="beforeMethod(java.lang.reflect.Method)[pri:0, instance:tests.calculatorAddTest@204f30ec]" name="beforeMethod" is-config="true" duration-ms="3697" started-at="2017-07-24T19:49:48Z" finished-at="2017-07-24T19:49:52Z">
          <params>
            <param index="0">
              <value>
                <![CDATA[public void tests.calculatorAddTest.shouldAddTwoNumbers(java.lang.String,java.lang.String) throws java.lang.Exception]]>
              </value>
            </param>
          </params>
          <reporter-output>
          </reporter-output>
        </test-method> <!-- beforeMethod -->
        <test-method status="PASS" signature="shouldAddTwoNumbers(java.lang.String, java.lang.String)[pri:0, instance:tests.calculatorAddTest@204f30ec]" name="shouldAddTwoNumbers" duration-ms="417" started-at="2017-07-24T19:49:52Z" data-provider="numberData" finished-at="2017-07-24T19:49:52Z">
          <params>
            <param index="0">
              <value>
                <![CDATA[0]]>
              </value>
            </param>
            <param index="1">
              <value>
                <![CDATA[2]]>
              </value>
            </param>
          </params>
          <reporter-output>
          </reporter-output>
        </test-method> <!-- shouldAddTwoNumbers -->
        <test-method status="PASS" signature="afterMethod(org.testng.ITestResult, java.lang.reflect.Method)[pri:0, instance:tests.calculatorAddTest@204f30ec]" name="afterMethod" is-config="true" duration-ms="715" started-at="2017-07-24T19:49:52Z" finished-at="2017-07-24T19:49:53Z">
          <params>
            <param index="0">
              <value>
                <![CDATA[[TestResult name=shouldAddTwoNumbers status=SUCCESS method=calculatorAddTest.shouldAddTwoNumbers(java.lang.String, java.lang.String)[pri:0, instance:tests.calculatorAddTest@204f30ec] output={null}]]]>
              </value>
            </param>
            <param index="1">
              <value>
                <![CDATA[public void tests.calculatorAddTest.shouldAddTwoNumbers(java.lang.String,java.lang.String) throws java.lang.Exception]]>
              </value>
            </param>
          </params>
          <reporter-output>
          </reporter-output>
        </test-method> <!-- afterMethod -->
        <test-method status="PASS" signature="beforeMethod(java.lang.reflect.Method)[pri:0, instance:tests.calculatorAddTest@204f30ec]" name="beforeMethod" is-config="true" duration-ms="3602" started-at="2017-07-24T19:49:53Z" finished-at="2017-07-24T19:49:57Z">
          <params>
            <param index="0">
              <value>
                <![CDATA[public void tests.calculatorAddTest.shouldAddTwoNumbers(java.lang.String,java.lang.String) throws java.lang.Exception]]>
              </value>
            </param>
          </params>
          <reporter-output>
          </reporter-output>
        </test-method> <!-- beforeMethod -->
        <test-method status="PASS" signature="shouldAddTwoNumbers(java.lang.String, java.lang.String)[pri:0, instance:tests.calculatorAddTest@204f30ec]" name="shouldAddTwoNumbers" duration-ms="423" started-at="2017-07-24T19:49:57Z" data-provider="numberData" finished-at="2017-07-24T19:49:57Z">
          <params>
            <param index="0">
              <value>
                <![CDATA[2]]>
              </value>
            </param>
            <param index="1">
              <value>
                <![CDATA[0]]>
              </value>
            </param>
          </params>
          <reporter-output>
          </reporter-output>
        </test-method> <!-- shouldAddTwoNumbers -->
        <test-method status="PASS" signature="afterMethod(org.testng.ITestResult, java.lang.reflect.Method)[pri:0, instance:tests.calculatorAddTest@204f30ec]" name="afterMethod" is-config="true" duration-ms="712" started-at="2017-07-24T19:49:57Z" finished-at="2017-07-24T19:49:58Z">
          <params>
            <param index="0">
              <value>
                <![CDATA[[TestResult name=shouldAddTwoNumbers status=SUCCESS method=calculatorAddTest.shouldAddTwoNumbers(java.lang.String, java.lang.String)[pri:0, instance:tests.calculatorAddTest@204f30ec] output={null}]]]>
              </value>
            </param>
            <param index="1">
              <value>
                <![CDATA[public void tests.calculatorAddTest.shouldAddTwoNumbers(java.lang.String,java.lang.String) throws java.lang.Exception]]>
              </value>
            </param>
          </params>
          <reporter-output>
          </reporter-output>
        </test-method> <!-- afterMethod -->
        <test-method status="PASS" signature="beforeMethod(java.lang.reflect.Method)[pri:0, instance:tests.calculatorAddTest@204f30ec]" name="beforeMethod" is-config="true" duration-ms="3623" started-at="2017-07-24T19:49:58Z" finished-at="2017-07-24T19:50:01Z">
          <params>
            <param index="0">
              <value>
                <![CDATA[public void tests.calculatorAddTest.shouldntAddTwoWords(java.lang.String,java.lang.String) throws java.lang.Exception]]>
              </value>
            </param>
          </params>
          <reporter-output>
          </reporter-output>
        </test-method> <!-- beforeMethod -->
        <test-method status="PASS" signature="shouldntAddTwoWords(java.lang.String, java.lang.String)[pri:0, instance:tests.calculatorAddTest@204f30ec]" name="shouldntAddTwoWords" duration-ms="2455" started-at="2017-07-24T19:50:01Z" data-provider="wordData" finished-at="2017-07-24T19:50:04Z">
          <params>
            <param index="0">
              <value>
                <![CDATA[5X?zf7_&]]>
              </value>
            </param>
            <param index="1">
              <value>
                <![CDATA[Y!_zW9^u]]>
              </value>
            </param>
          </params>
          <reporter-output>
          </reporter-output>
        </test-method> <!-- shouldntAddTwoWords -->
        <test-method status="PASS" signature="afterMethod(org.testng.ITestResult, java.lang.reflect.Method)[pri:0, instance:tests.calculatorAddTest@204f30ec]" name="afterMethod" is-config="true" duration-ms="712" started-at="2017-07-24T19:50:04Z" finished-at="2017-07-24T19:50:05Z">
          <params>
            <param index="0">
              <value>
                <![CDATA[[TestResult name=shouldntAddTwoWords status=SUCCESS method=calculatorAddTest.shouldntAddTwoWords(java.lang.String, java.lang.String)[pri:0, instance:tests.calculatorAddTest@204f30ec] output={null}]]]>
              </value>
            </param>
            <param index="1">
              <value>
                <![CDATA[public void tests.calculatorAddTest.shouldntAddTwoWords(java.lang.String,java.lang.String) throws java.lang.Exception]]>
              </value>
            </param>
          </params>
          <reporter-output>
          </reporter-output>
        </test-method> <!-- afterMethod -->
        <test-method status="PASS" signature="beforeMethod(java.lang.reflect.Method)[pri:0, instance:tests.calculatorAddTest@204f30ec]" name="beforeMethod" is-config="true" duration-ms="3512" started-at="2017-07-24T19:50:05Z" finished-at="2017-07-24T19:50:08Z">
          <params>
            <param index="0">
              <value>
                <![CDATA[public void tests.calculatorAddTest.shouldntAddTwoWords(java.lang.String,java.lang.String) throws java.lang.Exception]]>
              </value>
            </param>
          </params>
          <reporter-output>
          </reporter-output>
        </test-method> <!-- beforeMethod -->
        <test-method status="PASS" signature="shouldntAddTwoWords(java.lang.String, java.lang.String)[pri:0, instance:tests.calculatorAddTest@204f30ec]" name="shouldntAddTwoWords" duration-ms="2449" started-at="2017-07-24T19:50:08Z" data-provider="wordData" finished-at="2017-07-24T19:50:11Z">
          <params>
            <param index="0">
              <value>
                <![CDATA[*5vC_ctB]]>
              </value>
            </param>
            <param index="1">
              <value>
                <![CDATA[W$5b3Quz]]>
              </value>
            </param>
          </params>
          <reporter-output>
          </reporter-output>
        </test-method> <!-- shouldntAddTwoWords -->
        <test-method status="PASS" signature="afterMethod(org.testng.ITestResult, java.lang.reflect.Method)[pri:0, instance:tests.calculatorAddTest@204f30ec]" name="afterMethod" is-config="true" duration-ms="698" started-at="2017-07-24T19:50:11Z" finished-at="2017-07-24T19:50:11Z">
          <params>
            <param index="0">
              <value>
                <![CDATA[[TestResult name=shouldntAddTwoWords status=SUCCESS method=calculatorAddTest.shouldntAddTwoWords(java.lang.String, java.lang.String)[pri:0, instance:tests.calculatorAddTest@204f30ec] output={null}]]]>
              </value>
            </param>
            <param index="1">
              <value>
                <![CDATA[public void tests.calculatorAddTest.shouldntAddTwoWords(java.lang.String,java.lang.String) throws java.lang.Exception]]>
              </value>
            </param>
          </params>
          <reporter-output>
          </reporter-output>
        </test-method> <!-- afterMethod -->
        <test-method status="PASS" signature="beforeMethod(java.lang.reflect.Method)[pri:0, instance:tests.calculatorAddTest@204f30ec]" name="beforeMethod" is-config="true" duration-ms="3460" started-at="2017-07-24T19:50:11Z" finished-at="2017-07-24T19:50:15Z">
          <params>
            <param index="0">
              <value>
                <![CDATA[public void tests.calculatorAddTest.shouldntAddTwoWords(java.lang.String,java.lang.String) throws java.lang.Exception]]>
              </value>
            </param>
          </params>
          <reporter-output>
          </reporter-output>
        </test-method> <!-- beforeMethod -->
        <test-method status="PASS" signature="shouldntAddTwoWords(java.lang.String, java.lang.String)[pri:0, instance:tests.calculatorAddTest@204f30ec]" name="shouldntAddTwoWords" duration-ms="2451" started-at="2017-07-24T19:50:15Z" data-provider="wordData" finished-at="2017-07-24T19:50:17Z">
          <params>
            <param index="0">
              <value>
                <![CDATA[_7ZVSWn&]]>
              </value>
            </param>
            <param index="1">
              <value>
                <![CDATA[e?6=JrXu]]>
              </value>
            </param>
          </params>
          <reporter-output>
          </reporter-output>
        </test-method> <!-- shouldntAddTwoWords -->
        <test-method status="PASS" signature="afterMethod(org.testng.ITestResult, java.lang.reflect.Method)[pri:0, instance:tests.calculatorAddTest@204f30ec]" name="afterMethod" is-config="true" duration-ms="695" started-at="2017-07-24T19:50:17Z" finished-at="2017-07-24T19:50:18Z">
          <params>
            <param index="0">
              <value>
                <![CDATA[[TestResult name=shouldntAddTwoWords status=SUCCESS method=calculatorAddTest.shouldntAddTwoWords(java.lang.String, java.lang.String)[pri:0, instance:tests.calculatorAddTest@204f30ec] output={null}]]]>
              </value>
            </param>
            <param index="1">
              <value>
                <![CDATA[public void tests.calculatorAddTest.shouldntAddTwoWords(java.lang.String,java.lang.String) throws java.lang.Exception]]>
              </value>
            </param>
          </params>
          <reporter-output>
          </reporter-output>
        </test-method> <!-- afterMethod -->
        <test-method status="PASS" signature="beforeMethod(java.lang.reflect.Method)[pri:0, instance:tests.calculatorAddTest@204f30ec]" name="beforeMethod" is-config="true" duration-ms="3474" started-at="2017-07-24T19:50:18Z" finished-at="2017-07-24T19:50:21Z">
          <params>
            <param index="0">
              <value>
                <![CDATA[public void tests.calculatorAddTest.shouldntAddTwoWords(java.lang.String,java.lang.String) throws java.lang.Exception]]>
              </value>
            </param>
          </params>
          <reporter-output>
          </reporter-output>
        </test-method> <!-- beforeMethod -->
        <test-method status="PASS" signature="shouldntAddTwoWords(java.lang.String, java.lang.String)[pri:0, instance:tests.calculatorAddTest@204f30ec]" name="shouldntAddTwoWords" duration-ms="2469" started-at="2017-07-24T19:50:21Z" data-provider="wordData" finished-at="2017-07-24T19:50:24Z">
          <params>
            <param index="0">
              <value>
                <![CDATA[Khhd5k+E]]>
              </value>
            </param>
            <param index="1">
              <value>
                <![CDATA[N^33msP7]]>
              </value>
            </param>
          </params>
          <reporter-output>
          </reporter-output>
        </test-method> <!-- shouldntAddTwoWords -->
        <test-method status="PASS" signature="afterMethod(org.testng.ITestResult, java.lang.reflect.Method)[pri:0, instance:tests.calculatorAddTest@204f30ec]" name="afterMethod" is-config="true" duration-ms="725" started-at="2017-07-24T19:50:24Z" finished-at="2017-07-24T19:50:25Z">
          <params>
            <param index="0">
              <value>
                <![CDATA[[TestResult name=shouldntAddTwoWords status=SUCCESS method=calculatorAddTest.shouldntAddTwoWords(java.lang.String, java.lang.String)[pri:0, instance:tests.calculatorAddTest@204f30ec] output={null}]]]>
              </value>
            </param>
            <param index="1">
              <value>
                <![CDATA[public void tests.calculatorAddTest.shouldntAddTwoWords(java.lang.String,java.lang.String) throws java.lang.Exception]]>
              </value>
            </param>
          </params>
          <reporter-output>
          </reporter-output>
        </test-method> <!-- afterMethod -->
      </class> <!-- tests.calculatorAddTest -->
    </test> <!-- Default test -->
  </suite> <!-- Default suite -->
</testng-results>
